# JRE version: Java(TM) SE Runtime Environment (7.0_80-b15) (build 1.7.0_80-b15)
# Java VM: Java HotSpot(TM) 64-Bit Server VM (24.80-b11 mixed mode bsd-amd64 compressed oops)
Heap
 PSYoungGen      total 241152K, used 13438K [0x00000007f0000000, 0x0000000800000000, 0x0000000800000000)
  eden space 219648K, 4% used [0x00000007f0000000,0x00000007f0a5b480,0x00000007fd680000)
  from space 21504K, 13% used [0x00000007feb00000,0x00000007fedc4440,0x0000000800000000)
  to   space 20992K, 0% used [0x00000007fd680000,0x00000007fd680000,0x00000007feb00000)
 ParOldGen       total 524288K, used 113250K [0x00000007d0000000, 0x00000007f0000000, 0x00000007f0000000)
  object space 524288K, 21% used [0x00000007d0000000,0x00000007d6e98970,0x00000007f0000000)
 PSPermGen       total 98304K, used 73137K [0x00000007c0000000, 0x00000007c6000000, 0x00000007d0000000)
  object space 98304K, 74% used [0x00000007c0000000,0x00000007c476c580,0x00000007c6000000)
GC Heap History (10 events):
Event: 3282.214 GC heap before
{Heap before GC invocations=22 (full 0):
 PSYoungGen      total 239616K, used 222872K [0x00000007f0000000, 0x0000000800000000, 0x0000000800000000)
  eden space 218112K, 100% used [0x00000007f0000000,0x00000007fd500000,0x00000007fd500000)
  from space 21504K, 22% used [0x00000007fd500000,0x00000007fd9a6018,0x00000007fea00000)
  to   space 21504K, 0% used [0x00000007feb00000,0x00000007feb00000,0x0000000800000000)
 ParOldGen       total 524288K, used 94835K [0x00000007d0000000, 0x00000007f0000000, 0x00000007f0000000)
  object space 524288K, 18% used [0x00000007d0000000,0x00000007d5c9cc90,0x00000007f0000000)
 PSPermGen       total 98304K, used 69035K [0x00000007c0000000, 0x00000007c6000000, 0x00000007d0000000)
  object space 98304K, 70% used [0x00000007c0000000,0x00000007c436ae78,0x00000007c6000000)
Event: 3282.220 GC heap after
Heap after GC invocations=22 (full 0):
 PSYoungGen      total 240640K, used 4032K [0x00000007f0000000, 0x0000000800000000, 0x0000000800000000)
  eden space 219136K, 0% used [0x00000007f0000000,0x00000007f0000000,0x00000007fd600000)
  from space 21504K, 18% used [0x00000007feb00000,0x00000007feef0000,0x0000000800000000)
  to   space 21504K, 0% used [0x00000007fd600000,0x00000007fd600000,0x00000007feb00000)
 ParOldGen       total 524288K, used 98602K [0x00000007d0000000, 0x00000007f0000000, 0x00000007f0000000)
  object space 524288K, 18% used [0x00000007d0000000,0x00000007d604a940,0x00000007f0000000)
 PSPermGen       total 98304K, used 69035K [0x00000007c0000000, 0x00000007c6000000, 0x00000007d0000000)
  object space 98304K, 70% used [0x00000007c0000000,0x00000007c436ae78,0x00000007c6000000)
}
Event: 4721.001 GC heap before
{Heap before GC invocations=23 (full 0):
 PSYoungGen      total 240640K, used 223168K [0x00000007f0000000, 0x0000000800000000, 0x0000000800000000)
  eden space 219136K, 100% used [0x00000007f0000000,0x00000007fd600000,0x00000007fd600000)
  from space 21504K, 18% used [0x00000007feb00000,0x00000007feef0000,0x0000000800000000)
  to   space 21504K, 0% used [0x00000007fd600000,0x00000007fd600000,0x00000007feb00000)
 ParOldGen       total 524288K, used 98602K [0x00000007d0000000, 0x00000007f0000000, 0x00000007f0000000)
  object space 524288K, 18% used [0x00000007d0000000,0x00000007d604a940,0x00000007f0000000)
 PSPermGen       total 98304K, used 69518K [0x00000007c0000000, 0x00000007c6000000, 0x00000007d0000000)
  object space 98304K, 70% used [0x00000007c0000000,0x00000007c43e3ab8,0x00000007c6000000)
Event: 4721.008 GC heap after
Heap after GC invocations=23 (full 0):
 PSYoungGen      total 240640K, used 2144K [0x00000007f0000000, 0x0000000800000000, 0x0000000800000000)
  eden space 219136K, 0% used [0x00000007f0000000,0x00000007f0000000,0x00000007fd600000)
  from space 21504K, 9% used [0x00000007fd600000,0x00000007fd818000,0x00000007feb00000)
  to   space 21504K, 0% used [0x00000007feb00000,0x00000007feb00000,0x0000000800000000)
 ParOldGen       total 524288K, used 102214K [0x00000007d0000000, 0x00000007f0000000, 0x00000007f0000000)
  object space 524288K, 19% used [0x00000007d0000000,0x00000007d63d1b40,0x00000007f0000000)
 PSPermGen       total 98304K, used 69518K [0x00000007c0000000, 0x00000007c6000000, 0x00000007d0000000)
  object space 98304K, 70% used [0x00000007c0000000,0x00000007c43e3ab8,0x00000007c6000000)
}
Event: 5112.126 GC heap before
{Heap before GC invocations=24 (full 0):
 PSYoungGen      total 240640K, used 221280K [0x00000007f0000000, 0x0000000800000000, 0x0000000800000000)
  eden space 219136K, 100% used [0x00000007f0000000,0x00000007fd600000,0x00000007fd600000)
  from space 21504K, 9% used [0x00000007fd600000,0x00000007fd818000,0x00000007feb00000)
  to   space 21504K, 0% used [0x00000007feb00000,0x00000007feb00000,0x0000000800000000)
 ParOldGen       total 524288K, used 102214K [0x00000007d0000000, 0x00000007f0000000, 0x00000007f0000000)
  object space 524288K, 19% used [0x00000007d0000000,0x00000007d63d1b40,0x00000007f0000000)
 PSPermGen       total 98304K, used 69642K [0x00000007c0000000, 0x00000007c6000000, 0x00000007d0000000)
  object space 98304K, 70% used [0x00000007c0000000,0x00000007c4402960,0x00000007c6000000)
Event: 5112.131 GC heap after
Heap after GC invocations=24 (full 0):
 PSYoungGen      total 240640K, used 1006K [0x00000007f0000000, 0x0000000800000000, 0x0000000800000000)
  eden space 219136K, 0% used [0x00000007f0000000,0x00000007f0000000,0x00000007fd600000)
  from space 21504K, 4% used [0x00000007feb00000,0x00000007febfbae8,0x0000000800000000)
  to   space 21504K, 0% used [0x00000007fd600000,0x00000007fd600000,0x00000007feb00000)
 ParOldGen       total 524288K, used 103681K [0x00000007d0000000, 0x00000007f0000000, 0x00000007f0000000)
  object space 524288K, 19% used [0x00000007d0000000,0x00000007d6540608,0x00000007f0000000)
 PSPermGen       total 98304K, used 69642K [0x00000007c0000000, 0x00000007c6000000, 0x00000007d0000000)
  object space 98304K, 70% used [0x00000007c0000000,0x00000007c4402960,0x00000007c6000000)
}
Event: 5711.427 GC heap before
{Heap before GC invocations=25 (full 0):
 PSYoungGen      total 240640K, used 220142K [0x00000007f0000000, 0x0000000800000000, 0x0000000800000000)
  eden space 219136K, 100% used [0x00000007f0000000,0x00000007fd600000,0x00000007fd600000)
  from space 21504K, 4% used [0x00000007feb00000,0x00000007febfbae8,0x0000000800000000)
  to   space 21504K, 0% used [0x00000007fd600000,0x00000007fd600000,0x00000007feb00000)
 ParOldGen       total 524288K, used 103681K [0x00000007d0000000, 0x00000007f0000000, 0x00000007f0000000)
  object space 524288K, 19% used [0x00000007d0000000,0x00000007d6540608,0x00000007f0000000)
 PSPermGen       total 98304K, used 71408K [0x00000007c0000000, 0x00000007c6000000, 0x00000007d0000000)
  object space 98304K, 72% used [0x00000007c0000000,0x00000007c45bc178,0x00000007c6000000)
Event: 5711.434 GC heap after
Heap after GC invocations=25 (full 0):
 PSYoungGen      total 240640K, used 11234K [0x00000007f0000000, 0x0000000800000000, 0x0000000800000000)
  eden space 219136K, 0% used [0x00000007f0000000,0x00000007f0000000,0x00000007fd600000)
  from space 21504K, 52% used [0x00000007fd600000,0x00000007fe0f8930,0x00000007feb00000)
  to   space 21504K, 0% used [0x00000007feb00000,0x00000007feb00000,0x0000000800000000)
 ParOldGen       total 524288K, used 103945K [0x00000007d0000000, 0x00000007f0000000, 0x00000007f0000000)
  object space 524288K, 19% used [0x00000007d0000000,0x00000007d6582608,0x00000007f0000000)
 PSPermGen       total 98304K, used 71408K [0x00000007c0000000, 0x00000007c6000000, 0x00000007d0000000)
  object space 98304K, 72% used [0x00000007c0000000,0x00000007c45bc178,0x00000007c6000000)
}
Event: 6017.244 GC heap before
{Heap before GC invocations=26 (full 0):
 PSYoungGen      total 240640K, used 230326K [0x00000007f0000000, 0x0000000800000000, 0x0000000800000000)
  eden space 219136K, 99% used [0x00000007f0000000,0x00000007fd5f5060,0x00000007fd600000)
  from space 21504K, 52% used [0x00000007fd600000,0x00000007fe0f8930,0x00000007feb00000)
  to   space 21504K, 0% used [0x00000007feb00000,0x00000007feb00000,0x0000000800000000)
 ParOldGen       total 524288K, used 103945K [0x00000007d0000000, 0x00000007f0000000, 0x00000007f0000000)
  object space 524288K, 19% used [0x00000007d0000000,0x00000007d6582608,0x00000007f0000000)
 PSPermGen       total 98304K, used 73100K [0x00000007c0000000, 0x00000007c6000000, 0x00000007d0000000)
  object space 98304K, 74% used [0x00000007c0000000,0x00000007c4763260,0x00000007c6000000)
Event: 6017.256 GC heap after
Heap after GC invocations=26 (full 0):
 PSYoungGen      total 241152K, used 2833K [0x00000007f0000000, 0x0000000800000000, 0x0000000800000000)
  eden space 219648K, 0% used [0x00000007f0000000,0x00000007f0000000,0x00000007fd680000)
  from space 21504K, 13% used [0x00000007feb00000,0x00000007fedc4440,0x0000000800000000)
  to   space 20992K, 0% used [0x00000007fd680000,0x00000007fd680000,0x00000007feb00000)
 ParOldGen       total 524288K, used 113250K [0x00000007d0000000, 0x00000007f0000000, 0x00000007f0000000)
  object space 524288K, 21% used [0x00000007d0000000,0x00000007d6e98970,0x00000007f0000000)
 PSPermGen       total 98304K, used 73100K [0x00000007c0000000, 0x00000007c6000000, 0x00000007d0000000)
  object space 98304K, 74% used [0x00000007c0000000,0x00000007c4763260,0x00000007c6000000)
}

