# JRE version: Java(TM) SE Runtime Environment (7.0_80-b15) (build 1.7.0_80-b15)
# Java VM: Java HotSpot(TM) 64-Bit Server VM (24.80-b11 mixed mode bsd-amd64 compressed oops)
Heap
 PSYoungGen      total 241664K, used 166551K [0x00000007f0000000, 0x0000000800000000, 0x0000000800000000)
  eden space 220672K, 72% used [0x00000007f0000000,0x00000007f9ce30d8,0x00000007fd780000)
  from space 20992K, 28% used [0x00000007feb80000,0x00000007ff142e10,0x0000000800000000)
  to   space 20480K, 0% used [0x00000007fd780000,0x00000007fd780000,0x00000007feb80000)
 ParOldGen       total 524288K, used 99240K [0x00000007d0000000, 0x00000007f0000000, 0x00000007f0000000)
  object space 524288K, 18% used [0x00000007d0000000,0x00000007d60ea070,0x00000007f0000000)
 PSPermGen       total 98304K, used 70692K [0x00000007c0000000, 0x00000007c6000000, 0x00000007d0000000)
  object space 98304K, 71% used [0x00000007c0000000,0x00000007c4509208,0x00000007c6000000)
GC Heap History (10 events):
Event: 17.351 GC heap before
{Heap before GC invocations=18 (full 0):
 PSYoungGen      total 237056K, used 220033K [0x00000007f0000000, 0x0000000800000000, 0x0000000800000000)
  eden space 212480K, 100% used [0x00000007f0000000,0x00000007fcf80000,0x00000007fcf80000)
  from space 24576K, 30% used [0x00000007fcf80000,0x00000007fd6e05f0,0x00000007fe780000)
  to   space 23552K, 0% used [0x00000007fe900000,0x00000007fe900000,0x0000000800000000)
 ParOldGen       total 524288K, used 71649K [0x00000007d0000000, 0x00000007f0000000, 0x00000007f0000000)
  object space 524288K, 13% used [0x00000007d0000000,0x00000007d45f8758,0x00000007f0000000)
 PSPermGen       total 98304K, used 62961K [0x00000007c0000000, 0x00000007c6000000, 0x00000007d0000000)
  object space 98304K, 64% used [0x00000007c0000000,0x00000007c3d7c4d0,0x00000007c6000000)
Event: 17.360 GC heap after
Heap after GC invocations=18 (full 0):
 PSYoungGen      total 239104K, used 7408K [0x00000007f0000000, 0x0000000800000000, 0x0000000800000000)
  eden space 215552K, 0% used [0x00000007f0000000,0x00000007f0000000,0x00000007fd280000)
  from space 23552K, 31% used [0x00000007fe900000,0x00000007ff03c330,0x0000000800000000)
  to   space 23040K, 0% used [0x00000007fd280000,0x00000007fd280000,0x00000007fe900000)
 ParOldGen       total 524288K, used 77517K [0x00000007d0000000, 0x00000007f0000000, 0x00000007f0000000)
  object space 524288K, 14% used [0x00000007d0000000,0x00000007d4bb3788,0x00000007f0000000)
 PSPermGen       total 98304K, used 62961K [0x00000007c0000000, 0x00000007c6000000, 0x00000007d0000000)
  object space 98304K, 64% used [0x00000007c0000000,0x00000007c3d7c4d0,0x00000007c6000000)
}
Event: 17.965 GC heap before
{Heap before GC invocations=19 (full 0):
 PSYoungGen      total 239104K, used 222960K [0x00000007f0000000, 0x0000000800000000, 0x0000000800000000)
  eden space 215552K, 100% used [0x00000007f0000000,0x00000007fd280000,0x00000007fd280000)
  from space 23552K, 31% used [0x00000007fe900000,0x00000007ff03c330,0x0000000800000000)
  to   space 23040K, 0% used [0x00000007fd280000,0x00000007fd280000,0x00000007fe900000)
 ParOldGen       total 524288K, used 77517K [0x00000007d0000000, 0x00000007f0000000, 0x00000007f0000000)
  object space 524288K, 14% used [0x00000007d0000000,0x00000007d4bb3788,0x00000007f0000000)
 PSPermGen       total 98304K, used 64975K [0x00000007c0000000, 0x00000007c6000000, 0x00000007d0000000)
  object space 98304K, 66% used [0x00000007c0000000,0x00000007c3f73c78,0x00000007c6000000)
Event: 17.973 GC heap after
Heap after GC invocations=19 (full 0):
 PSYoungGen      total 238592K, used 10622K [0x00000007f0000000, 0x0000000800000000, 0x0000000800000000)
  eden space 215552K, 0% used [0x00000007f0000000,0x00000007f0000000,0x00000007fd280000)
  from space 23040K, 46% used [0x00000007fd280000,0x00000007fdcdf8e0,0x00000007fe900000)
  to   space 22016K, 0% used [0x00000007fea80000,0x00000007fea80000,0x0000000800000000)
 ParOldGen       total 524288K, used 81970K [0x00000007d0000000, 0x00000007f0000000, 0x00000007f0000000)
  object space 524288K, 15% used [0x00000007d0000000,0x00000007d500ca48,0x00000007f0000000)
 PSPermGen       total 98304K, used 64975K [0x00000007c0000000, 0x00000007c6000000, 0x00000007d0000000)
  object space 98304K, 66% used [0x00000007c0000000,0x00000007c3f73c78,0x00000007c6000000)
}
Event: 22.276 GC heap before
{Heap before GC invocations=20 (full 0):
 PSYoungGen      total 238592K, used 226174K [0x00000007f0000000, 0x0000000800000000, 0x0000000800000000)
  eden space 215552K, 100% used [0x00000007f0000000,0x00000007fd280000,0x00000007fd280000)
  from space 23040K, 46% used [0x00000007fd280000,0x00000007fdcdf8e0,0x00000007fe900000)
  to   space 22016K, 0% used [0x00000007fea80000,0x00000007fea80000,0x0000000800000000)
 ParOldGen       total 524288K, used 81970K [0x00000007d0000000, 0x00000007f0000000, 0x00000007f0000000)
  object space 524288K, 15% used [0x00000007d0000000,0x00000007d500ca48,0x00000007f0000000)
 PSPermGen       total 98304K, used 66605K [0x00000007c0000000, 0x00000007c6000000, 0x00000007d0000000)
  object space 98304K, 67% used [0x00000007c0000000,0x00000007c410b568,0x00000007c6000000)
Event: 22.284 GC heap after
Heap after GC invocations=20 (full 0):
 PSYoungGen      total 240640K, used 6930K [0x00000007f0000000, 0x0000000800000000, 0x0000000800000000)
  eden space 218624K, 0% used [0x00000007f0000000,0x00000007f0000000,0x00000007fd580000)
  from space 22016K, 31% used [0x00000007fea80000,0x00000007ff144828,0x0000000800000000)
  to   space 21504K, 0% used [0x00000007fd580000,0x00000007fd580000,0x00000007fea80000)
 ParOldGen       total 524288K, used 88078K [0x00000007d0000000, 0x00000007f0000000, 0x00000007f0000000)
  object space 524288K, 16% used [0x00000007d0000000,0x00000007d5603908,0x00000007f0000000)
 PSPermGen       total 98304K, used 66605K [0x00000007c0000000, 0x00000007c6000000, 0x00000007d0000000)
  object space 98304K, 67% used [0x00000007c0000000,0x00000007c410b568,0x00000007c6000000)
}
Event: 29.468 GC heap before
{Heap before GC invocations=21 (full 0):
 PSYoungGen      total 240640K, used 225554K [0x00000007f0000000, 0x0000000800000000, 0x0000000800000000)
  eden space 218624K, 100% used [0x00000007f0000000,0x00000007fd580000,0x00000007fd580000)
  from space 22016K, 31% used [0x00000007fea80000,0x00000007ff144828,0x0000000800000000)
  to   space 21504K, 0% used [0x00000007fd580000,0x00000007fd580000,0x00000007fea80000)
 ParOldGen       total 524288K, used 88078K [0x00000007d0000000, 0x00000007f0000000, 0x00000007f0000000)
  object space 524288K, 16% used [0x00000007d0000000,0x00000007d5603908,0x00000007f0000000)
 PSPermGen       total 98304K, used 68295K [0x00000007c0000000, 0x00000007c6000000, 0x00000007d0000000)
  object space 98304K, 69% used [0x00000007c0000000,0x00000007c42b1e58,0x00000007c6000000)
Event: 29.476 GC heap after
Heap after GC invocations=21 (full 0):
 PSYoungGen      total 240128K, used 6844K [0x00000007f0000000, 0x0000000800000000, 0x0000000800000000)
  eden space 218624K, 0% used [0x00000007f0000000,0x00000007f0000000,0x00000007fd580000)
  from space 21504K, 31% used [0x00000007fd580000,0x00000007fdc2f3d0,0x00000007fea80000)
  to   space 20992K, 0% used [0x00000007feb80000,0x00000007feb80000,0x0000000800000000)
 ParOldGen       total 524288K, used 93777K [0x00000007d0000000, 0x00000007f0000000, 0x00000007f0000000)
  object space 524288K, 17% used [0x00000007d0000000,0x00000007d5b94600,0x00000007f0000000)
 PSPermGen       total 98304K, used 68295K [0x00000007c0000000, 0x00000007c6000000, 0x00000007d0000000)
  object space 98304K, 69% used [0x00000007c0000000,0x00000007c42b1e58,0x00000007c6000000)
}
Event: 99.206 GC heap before
{Heap before GC invocations=22 (full 0):
 PSYoungGen      total 240128K, used 225468K [0x00000007f0000000, 0x0000000800000000, 0x0000000800000000)
  eden space 218624K, 100% used [0x00000007f0000000,0x00000007fd580000,0x00000007fd580000)
  from space 21504K, 31% used [0x00000007fd580000,0x00000007fdc2f3d0,0x00000007fea80000)
  to   space 20992K, 0% used [0x00000007feb80000,0x00000007feb80000,0x0000000800000000)
 ParOldGen       total 524288K, used 93777K [0x00000007d0000000, 0x00000007f0000000, 0x00000007f0000000)
  object space 524288K, 17% used [0x00000007d0000000,0x00000007d5b94600,0x00000007f0000000)
 PSPermGen       total 98304K, used 69401K [0x00000007c0000000, 0x00000007c6000000, 0x00000007d0000000)
  object space 98304K, 70% used [0x00000007c0000000,0x00000007c43c66c0,0x00000007c6000000)
Event: 99.214 GC heap after
Heap after GC invocations=22 (full 0):
 PSYoungGen      total 241664K, used 5899K [0x00000007f0000000, 0x0000000800000000, 0x0000000800000000)
  eden space 220672K, 0% used [0x00000007f0000000,0x00000007f0000000,0x00000007fd780000)
  from space 20992K, 28% used [0x00000007feb80000,0x00000007ff142e10,0x0000000800000000)
  to   space 20480K, 0% used [0x00000007fd780000,0x00000007fd780000,0x00000007feb80000)
 ParOldGen       total 524288K, used 99240K [0x00000007d0000000, 0x00000007f0000000, 0x00000007f0000000)
  object space 524288K, 18% used [0x00000007d0000000,0x00000007d60ea070,0x00000007f0000000)
 PSPermGen       total 98304K, used 69401K [0x00000007c0000000, 0x00000007c6000000, 0x00000007d0000000)
  object space 98304K, 70% used [0x00000007c0000000,0x00000007c43c66c0,0x00000007c6000000)
}

